<?xml version="1.0" encoding="UTF-8"?>
<!-- Generated by org.testng.reporters.JUnitXMLReporter -->
<testsuite hostname="Apple" ignored="0" name="Default test" tests="11" failures="0" timestamp="2022-06-26T20:25:32 CEST" time="134.277" errors="0">
  <testcase name="updateAddress" time="9.754" classname="tests.MyAccountTests"/>
  <testcase name="addAddress" time="8.121" classname="tests.MyAccountTests"/>
  <testcase name="deleteAddress" time="6.233" classname="tests.MyAccountTests"/>
  <testcase name="editPersolanInformation" time="14.71" classname="tests.MyPersonalInfoTests"/>
  <testcase name="addWishList" time="10.622" classname="tests.MyWishListTests"/>
  <testcase name="addMultipleWishList" time="12.963" classname="tests.MyWishListTests"/>
  <testcase name="removeWishList" time="4.589" classname="tests.MyWishListTests"/>
  <testcase name="logInValidCredentials" time="6.096" classname="tests.LogInTests"/>
  <testcase name="logInInvalidCredentials" time="2.852" classname="tests.LogInTests"/>
  <testcase name="logInEmptyCredentials" time="3.236" classname="tests.LogInTests"/>
  <testcase name="logOut" time="4.642" classname="tests.LogInTests"/>
</testsuite> <!-- Default test -->
